Arguments: 
  C:\Program Files\nodejs\node.exe C:\Users\Dongmo Baudouin\AppData\Roaming\npm\node_modules\yarn\bin\yarn.js install

PATH: 
  C:\Users\Dongmo Baudouin\AppData\Local\cloud-code\installer\google-cloud-sdk\bin;C:\Program Files\Common Files\Oracle\Java\javapath;C:\Program Files\Microsoft\jdk-11.0.12.7-hotspot\bin;C:\windows\system32;C:\windows;C:\windows\System32\Wbem;C:\windows\System32\WindowsPowerShell\v1.0\;C:\windows\System32\OpenSSH\;C:\Program Files\Microsoft SQL Server\150\Tools\Binn\;C:\Program Files\Microsoft SQL Server\Client SDK\ODBC\170\Tools\Binn\;C:\Program Files\dotnet\;C:\Program Files\GTK3-Runtime Win64\bin;C:\Program Files\Microsoft\Web Platform Installer\;C:\WINDOWS\system32;C:\WINDOWS;C:\WINDOWS\System32\Wbem;C:\WINDOWS\System32\WindowsPowerShell\v1.0\;C:\WINDOWS\System32\OpenSSH\;C:\Program Files\Docker\Docker\resources\bin;C:\ProgramData\DockerDesktop\version-bin;C:\Program Files\Git\cmd;%NVM_HOME%;%NVM_SYMLINK%;C:\Python\Python39\Scripts\;C:\Python\Python39\;C:\Users\Dongmo Baudouin\AppData\Local\Microsoft\WindowsApps;C:\Users\Dongmo Baudouin\AppData\Roaming\npm;C:\Users\Dongmo Baudouin\AppData\Local\Programs\Microsoft VS Code\bin;C:\Program Files\JetBrains\PyCharm Community Edition 2022.1.2\bin;;C:\Program Files\JetBrains\PyCharm 2022.1\bin;;C:\Users\Dongmo Baudouin\.dotnet\tools;C:\Program Files\JetBrains\DataGrip 2022.2.5\bin;;C:\Users\Dongmo Baudouin\AppData\Roaming\nvm;C:\Program Files\nodejs

Yarn version: 
  1.22.19

Node version: 
  14.18.3

Platform: 
  win32 x64

Trace: 
  Error: EPERM: operation not permitted, unlink 'C:\Users\Dongmo Baudouin\Documents\oc-projects\projet_3_openclassrooms\Backend\node_modules\bcrypt\lib\binding\napi-v3\bcrypt_lib.node'

npm manifest: 
  {
    "name": "dwf-projet6-backend",
    "version": "0.0.1",
    "description": "",
    "main": "server.js",
    "scripts": {
      "start": "node server",
      "test": "echo \"Error: no test specified\" && exit 1"
    },
    "author": "",
    "license": "ISC",
    "dependencies": {
      "bcrypt": "^5.0.1",
      "cors": "^2.8.5",
      "dotenv": "^16.0.0",
      "express": "^4.18.0",
      "helmet": "^5.0.2",
      "jsonwebtoken": "^8.5.1",
      "multer": "^1.4.4",
      "sequelize": "^6.19.0",
      "sqlite3": "^5.0.5",
      "swagger-ui-express": "^4.3.0",
      "yamljs": "^0.3.0"
    },
    "devDependencies": {
      "nodemon": "^2.0.20"
    }
  }

yarn manifest: 
  No manifest

Lockfile: 
  No lockfile
